Exception at PC 0x00007FFE0C639D98
Exception at PC 0x00007FFE0C639D98
Exception at PC 0x00007FFE0C639D98
Exception at PC 0x00007FFE0C639D98
Exception at PC 0x00007FFDA3F6E132
Attemped to write at address 0x00007FFDE2C54AA4
Printing stacktrace...

[0]  [0x00007FFDA3F6E132]
[1]  [0x00007FFDA3F6E132]
[2]  [0x00007FFDA3F6E194]
[3]  [0x00007FFDA3BBD0D7]
[4]  [0x00007FFDA3AA2BCA]
[5]  [0x00007FFDA3AA2FD1]
[6]  [0x00007FFDA3F6EB2F]
[7]  [0x00007FFDA3E2C19D]
[8]  [0x00007FFDA3E25942]
[9]  [0x00007FFDA3E25AB5]
[10] (RtlDeactivateActivationContextUnsafeFast+0x1af) [0x00007FFE0F6C485F]
[11] (LdrShutdownProcess+0x12c) [0x00007FFE0F6ED43C]
[12] (RtlExitUserProcess+0xb4) [0x00007FFE0F6ED2F4]
[13] (FatalExit+0xa) [0x00007FFE0E0FC0DA]
[14] (exit+0x75) [0x00007FFE0ED5A045]
[15] (initterm_e+0x21d) [0x00007FFE0ED5A68D]
[16]  [0x00000000004014CD]
[17]  [0x000000000040151B]
[18] (BaseThreadInitThunk+0x14) [0x00007FFE0E0F2774]
[19] (RtlUserThreadStart+0x21) [0x00007FFE0F710D51]
Done
