#-----------------------------------------------------------
# Vivado v2017.4 (64-bit)
# SW Build 2086221 on Fri Dec 15 20:55:39 MST 2017
# IP Build 2085800 on Fri Dec 15 22:25:07 MST 2017
# Start of session at: Thu Mar 29 10:56:54 2018
# Process ID: 11092
# Current directory: U:/Computer Architecture/Assignment Final/vivado_project
# Command line: vivado.exe -gui_launcher_event rodinguilauncherevent11252 U:\Computer Architecture\Assignment Final\vivado_project\vivado_project.xpr
# Log file: U:/Computer Architecture/Assignment Final/vivado_project/vivado.log
# Journal file: U:/Computer Architecture/Assignment Final/vivado_project\vivado.jou
#-----------------------------------------------------------
start_gui
open_project {U:/Computer Architecture/Assignment Final/vivado_project/vivado_project.xpr}
CRITICAL WARNING: [Project 1-19] Could not find the file 'U:/Computer Architecture/Assignment Final/vivado_project/vivado_project.srcs/sources_1/new/mux2_1bit.vhd'.
Scanning sources...
Finished scanning sources
INFO: [IP_Flow 19-234] Refreshing IP repositories
INFO: [IP_Flow 19-1704] No user IP repositories specified
INFO: [IP_Flow 19-2313] Loaded Vivado IP repository 'C:/Xilinx/Vivado/2017.4/data/ip'.
open_project: Time (s): cpu = 00:00:10 ; elapsed = 00:00:17 . Memory (MB): peak = 751.383 ; gain = 114.684
update_compile_order -fileset sources_1
close [ open {U:/Computer Architecture/Assignment Final/vivado_project/vivado_project.srcs/sources_1/new/microprogrammed_control.vhd} w ]
add_files {{U:/Computer Architecture/Assignment Final/vivado_project/vivado_project.srcs/sources_1/new/microprogrammed_control.vhd}}
update_compile_order -fileset sources_1
import_files -norecurse {{U:/Computer Architecture/Assignment Final/vivado_project/vivado_project.srcs/sources_1/new/mux2_8bit.vhd}}
update_compile_order -fileset sources_1
import_files -norecurse {{U:/Computer Architecture/Assignment Final/vivado_project/vivado_project.srcs/sources_1/new/mux8_1bit.vhd}}
update_compile_order -fileset sources_1
close [ open {U:/Computer Architecture/Assignment Final/vivado_project/vivado_project.srcs/sources_1/new/memory.vhd} w ]
add_files {{U:/Computer Architecture/Assignment Final/vivado_project/vivado_project.srcs/sources_1/new/memory.vhd}}
update_compile_order -fileset sources_1
exit
INFO: [Common 17-206] Exiting Vivado at Thu Mar 29 15:44:26 2018...
