Vivado Simulator 2018.1
Copyright 1986-1999, 2001-2017 Xilinx, Inc. All Rights Reserved.
Running: /home/brandon/Xilinx/Vivado/2018.1/bin/unwrapped/lnx64.o/xelab -wto cb7fe664b5d6414eb30fd3381f9f2221 --incr --debug typical --relax --mt 8 -L xil_defaultlib -L secureip --snapshot programme_cpu_tb_behav xil_defaultlib.programme_cpu_tb -log elaborate.log 
Using 8 slave threads.
Starting static elaboration
Completed static elaboration
Starting simulation data flow analysis
Completed simulation data flow analysis
Time Resolution for simulation is 1ps
Compiling package std.standard
Compiling package std.textio
Compiling package ieee.std_logic_1164
Compiling package ieee.std_logic_arith
Compiling package ieee.std_logic_unsigned
Compiling architecture behavioral of entity xil_defaultlib.control_memory [control_memory_default]
Compiling architecture behavioral of entity xil_defaultlib.CAR [car_default]
Compiling architecture behavioral of entity xil_defaultlib.mux2_8bit [mux2_8bit_default]
Compiling architecture behavioral of entity xil_defaultlib.IR [ir_default]
Compiling architecture behavioral of entity xil_defaultlib.mux8_1bit [mux8_1bit_default]
Compiling architecture behavioral of entity xil_defaultlib.Extend [extend_default]
Compiling architecture behavioral of entity xil_defaultlib.PC [pc_default]
Compiling architecture behavioral of entity xil_defaultlib.microprogrammed_control [microprogrammed_control_default]
Compiling architecture behavioral of entity xil_defaultlib.reg16 [reg16_default]
Compiling architecture behavioral of entity xil_defaultlib.decoder_4to9 [decoder_4to9_default]
Compiling architecture behavioral of entity xil_defaultlib.mux9_16bit [mux9_16bit_default]
Compiling architecture behavioral of entity xil_defaultlib.register_file [register_file_default]
Compiling architecture behavioral of entity xil_defaultlib.logic_unit [logic_unit_default]
Compiling architecture behavioral of entity xil_defaultlib.full_adder [full_adder_default]
Compiling architecture behavioral of entity xil_defaultlib.arithmetic_unit [arithmetic_unit_default]
Compiling architecture behavioral of entity xil_defaultlib.mux2_1bit [mux2_1bit_default]
Compiling architecture behavioral of entity xil_defaultlib.alu [alu_default]
Compiling architecture behavioral of entity xil_defaultlib.zero_detect [zero_detect_default]
Compiling architecture behavioral of entity xil_defaultlib.alu_16bit [alu_16bit_default]
Compiling architecture behavioral of entity xil_defaultlib.shifter [shifter_default]
Compiling architecture behavioral of entity xil_defaultlib.shifter_16bit [shifter_16bit_default]
Compiling architecture behavioral of entity xil_defaultlib.mux2_16bit [mux2_16bit_default]
Compiling architecture behavioral of entity xil_defaultlib.function_unit [function_unit_default]
Compiling architecture behavioral of entity xil_defaultlib.Zero_fill [zero_fill_default]
Compiling architecture behavioral of entity xil_defaultlib.datapath [datapath_default]
Compiling architecture behavioral of entity xil_defaultlib.memory [memory_default]
Compiling architecture behavioral of entity xil_defaultlib.programme_cpu [programme_cpu_default]
Compiling architecture behavioral of entity xil_defaultlib.programme_cpu_tb
Built simulation snapshot programme_cpu_tb_behav
