Exception at PC 0x00007FF99BD59D98
Exception at PC 0x00007FF99BD59D98
Exception at PC 0x00007FF99BD59D98
Exception at PC 0x00007FF99BD59D98
Exception at PC 0x00007FF934DAE132
Attemped to write at address 0x00007FF97FD24AA4
Printing stacktrace...

[0]  [0x00007FF934DAE132]
[1]  [0x00007FF934DAE132]
[2]  [0x00007FF934DAE194]
[3]  [0x00007FF9349FD0D7]
[4]  [0x00007FF9348E2BCA]
[5]  [0x00007FF9348E2FD1]
[6]  [0x00007FF934DAEB2F]
[7]  [0x00007FF934C6C19D]
[8]  [0x00007FF934C65942]
[9]  [0x00007FF934C65AB5]
[10] (RtlDeactivateActivationContextUnsafeFast+0x1af) [0x00007FF99F68485F]
[11] (LdrShutdownProcess+0x12c) [0x00007FF99F6AD43C]
[12] (RtlExitUserProcess+0xb4) [0x00007FF99F6AD2F4]
[13] (FatalExit+0xa) [0x00007FF99EE6C0DA]
[14] (exit+0x75) [0x00007FF99EF3A045]
[15] (initterm_e+0x21d) [0x00007FF99EF3A68D]
[16]  [0x00000000004014CD]
[17]  [0x000000000040151B]
[18] (BaseThreadInitThunk+0x14) [0x00007FF99EE62774]
[19] (RtlUserThreadStart+0x21) [0x00007FF99F6D0D51]
Done
