Exception at PC 0x00007FF908349D98
Exception at PC 0x00007FF908349D98
Exception at PC 0x00007FF908349D98
Exception at PC 0x00007FF908349D98
Exception at PC 0x00007FF89D64E132
Attemped to write at address 0x00007FF8D68F4AA4
Printing stacktrace...

[0]  [0x00007FF89D64E132]
[1]  [0x00007FF89D64E132]
[2]  [0x00007FF89D64E194]
[3]  [0x00007FF89D29D0D7]
[4]  [0x00007FF89D182BCA]
[5]  [0x00007FF89D182FD1]
[6]  [0x00007FF89D64EB2F]
[7]  [0x00007FF89D50C19D]
[8]  [0x00007FF89D505942]
[9]  [0x00007FF89D505AB5]
[10] (RtlDeactivateActivationContextUnsafeFast+0x1af) [0x00007FF90B8C485F]
[11] (LdrShutdownProcess+0x12c) [0x00007FF90B8ED43C]
[12] (RtlExitUserProcess+0xb4) [0x00007FF90B8ED2F4]
[13] (FatalExit+0xa) [0x00007FF90B6FC0DA]
[14] (exit+0x75) [0x00007FF908EBA045]
[15] (initterm_e+0x21d) [0x00007FF908EBA68D]
[16]  [0x00000000004014CD]
[17]  [0x000000000040151B]
[18] (BaseThreadInitThunk+0x14) [0x00007FF90B6F2774]
[19] (RtlUserThreadStart+0x21) [0x00007FF90B910D51]
Done
