Exception at PC 0x00007FFA23C79D98
Exception at PC 0x00007FFA23C79D98
Exception at PC 0x00007FFA23C79D98
Exception at PC 0x00007FFA23C79D98
Exception at PC 0x00007FF9BBA7E132
Attemped to write at address 0x00007FFA136F4AA4
Printing stacktrace...

[0]  [0x00007FF9BBA7E132]
[1]  [0x00007FF9BBA7E132]
[2]  [0x00007FF9BBA7E194]
[3]  [0x00007FF9BB6CD0D7]
[4]  [0x00007FF9BB5B2BCA]
[5]  [0x00007FF9BB5B2FD1]
[6]  [0x00007FF9BBA7EB2F]
[7]  [0x00007FF9BB93C19D]
[8]  [0x00007FF9BB935942]
[9]  [0x00007FF9BB935AB5]
[10] (RtlDeactivateActivationContextUnsafeFast+0x1af) [0x00007FFA2773485F]
[11] (LdrShutdownProcess+0x12c) [0x00007FFA2775D43C]
[12] (RtlExitUserProcess+0xb4) [0x00007FFA2775D2F4]
[13] (FatalExit+0xa) [0x00007FFA24C7C0DA]
[14] (exit+0x75) [0x00007FFA24DFA045]
[15] (initterm_e+0x21d) [0x00007FFA24DFA68D]
[16]  [0x00000000004014CD]
[17]  [0x000000000040151B]
[18] (BaseThreadInitThunk+0x14) [0x00007FFA24C72774]
[19] (RtlUserThreadStart+0x21) [0x00007FFA27780D51]
Done
