Exception at PC 0x00007FFA3E9C9D98
Exception at PC 0x00007FFA3E9C9D98
Exception at PC 0x00007FFA3E9C9D98
Exception at PC 0x00007FFA3E9C9D98
Exception at PC 0x00007FF9D4A0E132
Attemped to write at address 0x00007FFA0A9A4AA4
Printing stacktrace...

[0]  [0x00007FF9D4A0E132]
[1]  [0x00007FF9D4A0E132]
[2]  [0x00007FF9D4A0E194]
[3]  [0x00007FF9D465D0D7]
[4]  [0x00007FF9D4542BCA]
[5]  [0x00007FF9D4542FD1]
[6]  [0x00007FF9D4A0EB2F]
[7]  [0x00007FF9D48CC19D]
[8]  [0x00007FF9D48C5942]
[9]  [0x00007FF9D48C5AB5]
[10] (RtlDeactivateActivationContextUnsafeFast+0x1af) [0x00007FFA41FA485F]
[11] (LdrShutdownProcess+0x12c) [0x00007FFA41FCD43C]
[12] (RtlExitUserProcess+0xb4) [0x00007FFA41FCD2F4]
[13] (FatalExit+0xa) [0x00007FFA3F4DC0DA]
[14] (exit+0x75) [0x00007FFA41F1A045]
[15] (initterm_e+0x21d) [0x00007FFA41F1A68D]
[16]  [0x00000000004014CD]
[17]  [0x000000000040151B]
[18] (BaseThreadInitThunk+0x14) [0x00007FFA3F4D2774]
[19] (RtlUserThreadStart+0x21) [0x00007FFA41FF0D51]
Done
