Exception at PC 0x00007FFC855C9D98
Exception at PC 0x00007FFC855C9D98
Exception at PC 0x00007FFC855C9D98
Exception at PC 0x00007FFC855C9D98
Exception at PC 0x00007FFC2514E132
Attemped to write at address 0x00007FFC66BC4AA4
Printing stacktrace...

[0]  [0x00007FFC2514E132]
[1]  [0x00007FFC2514E132]
[2]  [0x00007FFC2514E194]
[3]  [0x00007FFC24D9D0D7]
[4]  [0x00007FFC24C82BCA]
[5]  [0x00007FFC24C82FD1]
[6]  [0x00007FFC2514EB2F]
[7]  [0x00007FFC2500C19D]
[8]  [0x00007FFC25005942]
[9]  [0x00007FFC25005AB5]
[10] (RtlDeactivateActivationContextUnsafeFast+0x1af) [0x00007FFC88E8485F]
[11] (LdrShutdownProcess+0x12c) [0x00007FFC88EAD43C]
[12] (RtlExitUserProcess+0xb4) [0x00007FFC88EAD2F4]
[13] (FatalExit+0xa) [0x00007FFC8826C0DA]
[14] (exit+0x75) [0x00007FFC87E6A045]
[15] (initterm_e+0x21d) [0x00007FFC87E6A68D]
[16]  [0x00000000004014CD]
[17]  [0x000000000040151B]
[18] (BaseThreadInitThunk+0x14) [0x00007FFC88262774]
[19] (RtlUserThreadStart+0x21) [0x00007FFC88ED0D51]
Done
