Vivado Simulator 2017.4
Copyright 1986-1999, 2001-2016 Xilinx, Inc. All Rights Reserved.
Running: C:/Xilinx/Vivado/2017.4/bin/unwrapped/win64.o/xelab.exe -wto 1715ff17181a4a8a86a78ad45e728d94 --incr --debug typical --relax --mt 2 -L xil_defaultlib -L secureip --snapshot register_file_tb_behav xil_defaultlib.register_file_tb -log elaborate.log 
Using 2 slave threads.
Starting static elaboration
Completed static elaboration
Starting simulation data flow analysis
Completed simulation data flow analysis
Time Resolution for simulation is 1ps
Compiling package std.standard
Compiling package std.textio
Compiling package ieee.std_logic_1164
Compiling package ieee.std_logic_arith
Compiling package ieee.std_logic_unsigned
Compiling architecture behavioral of entity xil_defaultlib.reg16 [reg16_default]
Compiling architecture behavioral of entity xil_defaultlib.decoder_3to8 [decoder_3to8_default]
Compiling architecture behavioral of entity xil_defaultlib.mux2_16bit [mux2_16bit_default]
Compiling architecture behavioral of entity xil_defaultlib.mux8_16bit [mux8_16bit_default]
Compiling architecture behavioral of entity xil_defaultlib.register_file [register_file_default]
Compiling architecture behavioral of entity xil_defaultlib.register_file_tb
Built simulation snapshot register_file_tb_behav
